Archive:  DMWG-PAH-INTERPRETATIONS.json.zip
  inflating: DMWG-PAH-INTERPRETATIONS.json  
129993
109316
147928
131407
110750
122967
110344
111479
122857
119451
124975
111614
130015
110253
149272
136780
127198
121997
146550
123559
126464
117483
117119
108390
133687
152434
97765
75047
102776
81325
61716
96601
126860
133516
124015
126667
124081
141465
108227
133674
117778
138797
127437
117787
114759
109876
101074
112570
115023
118997
94927
107108
94642
108465
123583
114078
153856
75090
65882
79077
134096
124974
109955
108167
124485
74893
71589
109370
110767
113392
107431
108930
122595
97470
97514
77946
62364
94188
100080
118302
109841
110344
124369
141228
125482
118619
117443
118626
112740
118681
101338
134987
102108
109759
100661
97480
107624
126059
134821
108107
110667
118376
122478
107900
103416
114880
70527
128225
124800
123130
136823
110646
106792
111609
124924
119129
109514
113310
102433
99868
130600
106404
103758
118402
104879
103796
120499
125442
118953
94619
108279
107472
139715
132740
115312
132208
119020
132413
128652
125061
113710
126756
106782
112095
92253
99742
106087
124810
105098
125958
113756
111329
126897
101295
99829
103743
107273
105126
109351
110036
109284
106797
118897
94299
121980
122739
85837
125551
117605
116503
122228
113281
139897
136431
119537
101643
117888
108390
104252
123602
113661
129257
100931
117375
125778
126726
126766
110232
116467
124280
126263
113907
117349
119673
111966
112875
114797
124783
114774
104371
106644
99893
110119
97544
93738
135574
113658
105006
119936
97233
112597
119914
99825
101010
vci0000
Transforming vci0000.json to dmwg1.json
vci0001
Transforming vci0001.json to dmwg2.json
WARNING:root:No evidence found.  Proceeding
vci0002
Transforming vci0002.json to dmwg3.json
vci0003
Transforming vci0003.json to dmwg4.json
vci0004
Transforming vci0004.json to dmwg5.json
WARNING:root:No evidence found.  Proceeding
vci0005
Transforming vci0005.json to dmwg6.json
WARNING:root:No evidence found.  Proceeding
vci0006
Transforming vci0006.json to dmwg7.json
WARNING:root:No evidence found.  Proceeding
vci0007
Transforming vci0007.json to dmwg8.json
WARNING:root:No evidence found.  Proceeding
vci0008
Transforming vci0008.json to dmwg9.json
WARNING:root:No evidence found.  Proceeding
vci0009
Transforming vci0009.json to dmwg10.json
vci0010
Transforming vci0010.json to dmwg11.json
Did not find any evaluated criteria for this data: ac5aac55-49bf-4eb0-9262-5fe79910cb79 
vci0011
Transforming vci0011.json to dmwg12.json
WARNING:root:No evidence found.  Proceeding
vci0012
Transforming vci0012.json to dmwg13.json
vci0013
Transforming vci0013.json to dmwg14.json
WARNING:root:No evidence found.  Proceeding
vci0014
Transforming vci0014.json to dmwg15.json
vci0015
Transforming vci0015.json to dmwg16.json
vci0016
Transforming vci0016.json to dmwg17.json
vci0017
Transforming vci0017.json to dmwg18.json
vci0018
Transforming vci0018.json to dmwg19.json
vci0019
Transforming vci0019.json to dmwg20.json
vci0020
Transforming vci0020.json to dmwg21.json
vci0021
Transforming vci0021.json to dmwg22.json
vci0022
Transforming vci0022.json to dmwg23.json
vci0023
Transforming vci0023.json to dmwg24.json
WARNING:root:No evidence found.  Proceeding
vci0024
Transforming vci0024.json to dmwg25.json
vci0025
Transforming vci0025.json to dmwg26.json
vci0026
Transforming vci0026.json to dmwg27.json
vci0027
Transforming vci0027.json to dmwg28.json
vci0028
Transforming vci0028.json to dmwg29.json
vci0029
Transforming vci0029.json to dmwg30.json
vci0030
Transforming vci0030.json to dmwg31.json
WARNING:root:No evidence found.  Proceeding
vci0031
Transforming vci0031.json to dmwg32.json
vci0032
Transforming vci0032.json to dmwg33.json
vci0033
Transforming vci0033.json to dmwg34.json
vci0034
Transforming vci0034.json to dmwg35.json
vci0035
Transforming vci0035.json to dmwg36.json
vci0036
Transforming vci0036.json to dmwg37.json
vci0037
Transforming vci0037.json to dmwg38.json
vci0038
Transforming vci0038.json to dmwg39.json
WARNING:root:No evidence found.  Proceeding
vci0039
Transforming vci0039.json to dmwg40.json
vci0040
Transforming vci0040.json to dmwg41.json
WARNING:root:No evidence found.  Proceeding
vci0041
Transforming vci0041.json to dmwg42.json
vci0042
Transforming vci0042.json to dmwg43.json
vci0043
Transforming vci0043.json to dmwg44.json
vci0044
Transforming vci0044.json to dmwg45.json
vci0045
Transforming vci0045.json to dmwg46.json
vci0046
Transforming vci0046.json to dmwg47.json
vci0047
Transforming vci0047.json to dmwg48.json
WARNING:root:No evidence found.  Proceeding
vci0048
Transforming vci0048.json to dmwg49.json
vci0049
Transforming vci0049.json to dmwg50.json
vci0050
Transforming vci0050.json to dmwg51.json
WARNING:root:No evidence found.  Proceeding
vci0051
Transforming vci0051.json to dmwg52.json
Did not find any evaluated criteria for this data: a84070b7-b536-4778-95e7-59be8e8a4649 
vci0052
Transforming vci0052.json to dmwg53.json
WARNING:root:No evidence found.  Proceeding
vci0053
Transforming vci0053.json to dmwg54.json
WARNING:root:No evidence found.  Proceeding
vci0054
Transforming vci0054.json to dmwg55.json
vci0055
Transforming vci0055.json to dmwg56.json
WARNING:root:No evidence found.  Proceeding
vci0056
Transforming vci0056.json to dmwg57.json
vci0057
Transforming vci0057.json to dmwg58.json
vci0058
Transforming vci0058.json to dmwg59.json
vci0059
Transforming vci0059.json to dmwg60.json
vci0060
Transforming vci0060.json to dmwg61.json
vci0061
Transforming vci0061.json to dmwg62.json
vci0062
Transforming vci0062.json to dmwg63.json
vci0063
Transforming vci0063.json to dmwg64.json
vci0064
Transforming vci0064.json to dmwg65.json
vci0065
Transforming vci0065.json to dmwg66.json
vci0066
Transforming vci0066.json to dmwg67.json
vci0067
Transforming vci0067.json to dmwg68.json
vci0068
Transforming vci0068.json to dmwg69.json
vci0069
Transforming vci0069.json to dmwg70.json
vci0070
Transforming vci0070.json to dmwg71.json
vci0071
Transforming vci0071.json to dmwg72.json
vci0072
Transforming vci0072.json to dmwg73.json
vci0073
Transforming vci0073.json to dmwg74.json
WARNING:root:No evidence found.  Proceeding
vci0074
Transforming vci0074.json to dmwg75.json
WARNING:root:No evidence found.  Proceeding
vci0075
Transforming vci0075.json to dmwg76.json
vci0076
Transforming vci0076.json to dmwg77.json
vci0077
Transforming vci0077.json to dmwg78.json
WARNING:root:No evidence found.  Proceeding
vci0078
Transforming vci0078.json to dmwg79.json
vci0079
Transforming vci0079.json to dmwg80.json
Did not find any evaluated criteria for this data: fe25d0e1-11c7-492d-8537-828c3ca4d483 
vci0080
Transforming vci0080.json to dmwg81.json
vci0081
Transforming vci0081.json to dmwg82.json
vci0082
Transforming vci0082.json to dmwg83.json
vci0083
Transforming vci0083.json to dmwg84.json
vci0084
Transforming vci0084.json to dmwg85.json
vci0085
Transforming vci0085.json to dmwg86.json
Did not find any evaluated criteria for this data: 0b5bc447-9881-4bc0-936b-80dda17da4f1 
vci0086
Transforming vci0086.json to dmwg87.json
vci0087
Transforming vci0087.json to dmwg88.json
vci0088
Transforming vci0088.json to dmwg89.json
vci0089
Transforming vci0089.json to dmwg90.json
vci0090
Transforming vci0090.json to dmwg91.json
vci0091
Transforming vci0091.json to dmwg92.json
vci0092
Transforming vci0092.json to dmwg93.json
vci0093
Transforming vci0093.json to dmwg94.json
vci0094
Transforming vci0094.json to dmwg95.json
vci0095
Transforming vci0095.json to dmwg96.json
vci0096
Transforming vci0096.json to dmwg97.json
vci0097
Transforming vci0097.json to dmwg98.json
vci0098
Transforming vci0098.json to dmwg99.json
vci0099
Transforming vci0099.json to dmwg100.json
vci0100
Transforming vci0100.json to dmwg101.json
Did not find any evaluated criteria for this data: 8acf43d7-5537-454f-83af-e0637d71f63d 
vci0101
Transforming vci0101.json to dmwg102.json
vci0102
Transforming vci0102.json to dmwg103.json
vci0103
Transforming vci0103.json to dmwg104.json
WARNING:root:No evidence found.  Proceeding
vci0104
Transforming vci0104.json to dmwg105.json
vci0105
Transforming vci0105.json to dmwg106.json
vci0106
Transforming vci0106.json to dmwg107.json
vci0107
Transforming vci0107.json to dmwg108.json
vci0108
Transforming vci0108.json to dmwg109.json
vci0109
Transforming vci0109.json to dmwg110.json
vci0110
Transforming vci0110.json to dmwg111.json
vci0111
Transforming vci0111.json to dmwg112.json
vci0112
Transforming vci0112.json to dmwg113.json
Did not find any evaluated criteria for this data: 07b287f2-4122-4347-9cdf-9f475f7c3199 
vci0113
Transforming vci0113.json to dmwg114.json
vci0114
Transforming vci0114.json to dmwg115.json
vci0115
Transforming vci0115.json to dmwg116.json
vci0116
Transforming vci0116.json to dmwg117.json
vci0117
Transforming vci0117.json to dmwg118.json
Did not find any evaluated criteria for this data: 3d46cae8-b733-44a2-9d3f-421cf5bdeb39 
Did not find any evaluated criteria for this data: 983d76be-fd6e-4791-878a-5ea960a9aa35 
vci0118
Transforming vci0118.json to dmwg119.json
vci0119
Transforming vci0119.json to dmwg120.json
vci0120
Transforming vci0120.json to dmwg121.json
vci0121
Transforming vci0121.json to dmwg122.json
vci0122
Transforming vci0122.json to dmwg123.json
vci0123
Transforming vci0123.json to dmwg124.json
vci0124
Transforming vci0124.json to dmwg125.json
vci0125
Transforming vci0125.json to dmwg126.json
vci0126
Transforming vci0126.json to dmwg127.json
Did not find any evaluated criteria for this data: d3ad37f1-f5b6-4bbe-b60f-4414def7d256 
vci0127
Transforming vci0127.json to dmwg128.json
Did not find any evaluated criteria for this data: 85b94639-d520-49b6-9955-b5096384055b 
vci0128
Transforming vci0128.json to dmwg129.json
Did not find any evaluated criteria for this data: d7ab9eaa-f576-4fa6-9bf5-b5bcbf948fcd 
vci0129
Transforming vci0129.json to dmwg130.json
WARNING:root:No evidence found.  Proceeding
vci0130
Transforming vci0130.json to dmwg131.json
vci0131
Transforming vci0131.json to dmwg132.json
vci0132
Transforming vci0132.json to dmwg133.json
vci0133
Transforming vci0133.json to dmwg134.json
WARNING:root:No evidence found.  Proceeding
vci0134
Transforming vci0134.json to dmwg135.json
vci0135
Transforming vci0135.json to dmwg136.json
vci0136
Transforming vci0136.json to dmwg137.json
vci0137
Transforming vci0137.json to dmwg138.json
vci0138
Transforming vci0138.json to dmwg139.json
vci0139
Transforming vci0139.json to dmwg140.json
vci0140
Transforming vci0140.json to dmwg141.json
vci0141
Transforming vci0141.json to dmwg142.json
vci0142
Transforming vci0142.json to dmwg143.json
vci0143
Transforming vci0143.json to dmwg144.json
vci0144
Transforming vci0144.json to dmwg145.json
vci0145
Transforming vci0145.json to dmwg146.json
vci0146
Transforming vci0146.json to dmwg147.json
vci0147
Transforming vci0147.json to dmwg148.json
vci0148
Transforming vci0148.json to dmwg149.json
vci0149
Transforming vci0149.json to dmwg150.json
vci0150
Transforming vci0150.json to dmwg151.json
vci0151
Transforming vci0151.json to dmwg152.json
vci0152
Transforming vci0152.json to dmwg153.json
vci0153
Transforming vci0153.json to dmwg154.json
vci0154
Transforming vci0154.json to dmwg155.json
vci0155
Transforming vci0155.json to dmwg156.json
vci0156
Transforming vci0156.json to dmwg157.json
vci0157
Transforming vci0157.json to dmwg158.json
vci0158
Transforming vci0158.json to dmwg159.json
vci0159
Transforming vci0159.json to dmwg160.json
vci0160
Transforming vci0160.json to dmwg161.json
vci0161
Transforming vci0161.json to dmwg162.json
vci0162
Transforming vci0162.json to dmwg163.json
vci0163
Transforming vci0163.json to dmwg164.json
WARNING:root:No evidence found.  Proceeding
vci0164
Transforming vci0164.json to dmwg165.json
vci0165
Transforming vci0165.json to dmwg166.json
vci0166
Transforming vci0166.json to dmwg167.json
vci0167
Transforming vci0167.json to dmwg168.json
vci0168
Transforming vci0168.json to dmwg169.json
vci0169
Transforming vci0169.json to dmwg170.json
vci0170
Transforming vci0170.json to dmwg171.json
vci0171
Transforming vci0171.json to dmwg172.json
vci0172
Transforming vci0172.json to dmwg173.json
vci0173
Transforming vci0173.json to dmwg174.json
vci0174
Transforming vci0174.json to dmwg175.json
vci0175
Transforming vci0175.json to dmwg176.json
vci0176
Transforming vci0176.json to dmwg177.json
vci0177
Transforming vci0177.json to dmwg178.json
vci0178
Transforming vci0178.json to dmwg179.json
vci0179
Transforming vci0179.json to dmwg180.json
vci0180
Transforming vci0180.json to dmwg181.json
vci0181
Transforming vci0181.json to dmwg182.json
vci0182
Transforming vci0182.json to dmwg183.json
WARNING:root:No evidence found.  Proceeding
vci0183
Transforming vci0183.json to dmwg184.json
WARNING:root:No evidence found.  Proceeding
vci0184
Transforming vci0184.json to dmwg185.json
vci0185
Transforming vci0185.json to dmwg186.json
vci0186
Transforming vci0186.json to dmwg187.json
vci0187
Transforming vci0187.json to dmwg188.json
vci0188
Transforming vci0188.json to dmwg189.json
vci0189
Transforming vci0189.json to dmwg190.json
vci0190
Transforming vci0190.json to dmwg191.json
vci0191
Transforming vci0191.json to dmwg192.json
vci0192
Transforming vci0192.json to dmwg193.json
vci0193
Transforming vci0193.json to dmwg194.json
vci0194
Transforming vci0194.json to dmwg195.json
vci0195
Transforming vci0195.json to dmwg196.json
vci0196
Transforming vci0196.json to dmwg197.json
vci0197
Transforming vci0197.json to dmwg198.json
vci0198
Transforming vci0198.json to dmwg199.json
vci0199
Transforming vci0199.json to dmwg200.json
vci0200
Transforming vci0200.json to dmwg201.json
WARNING:root:No evidence found.  Proceeding
vci0201
Transforming vci0201.json to dmwg202.json
vci0202
Transforming vci0202.json to dmwg203.json
vci0203
Transforming vci0203.json to dmwg204.json
WARNING:root:No evidence found.  Proceeding
vci0204
Transforming vci0204.json to dmwg205.json
WARNING:root:No evidence found.  Proceeding
vci0205
Transforming vci0205.json to dmwg206.json
Did not find any evaluated criteria for this data: eb011a8d-4a46-40bc-86c6-47807fada195 
vci0206
Transforming vci0206.json to dmwg207.json
vci0207
Transforming vci0207.json to dmwg208.json
vci0208
Transforming vci0208.json to dmwg209.json
vci0209
Transforming vci0209.json to dmwg210.json
WARNING:root:No evidence found.  Proceeding
vci0210
Transforming vci0210.json to dmwg211.json
Did not find any evaluated criteria for this data: 7610c422-11cb-481b-bb58-a432f5f2fec9 
Did not find any evaluated criteria for this data: 54a3dc96-f2d9-409a-a15d-0ee4d61cf2de 
vci0211
Transforming vci0211.json to dmwg212.json
vci0212
Transforming vci0212.json to dmwg213.json
WARNING:root:No evidence found.  Proceeding
vci0213
Transforming vci0213.json to dmwg214.json
Did not find any evaluated criteria for this data: d6350de2-8f89-48a2-ab02-8c9c0113c308 
